<?xml version="1.0" encoding="UTF-8"?>
<testsuite xmlns:xsi="http://www.w3.org/2001/XMLSchema-instance" xsi:noNamespaceSchemaLocation="https://maven.apache.org/surefire/maven-surefire-plugin/xsd/surefire-test-report.xsd" name="com.schattenbrot.sensor.AppTest" time="0.022" tests="1" errors="0" skipped="0" failures="0">
  <properties>
    <property name="sun.desktop" value="windows"/>
    <property name="awt.toolkit" value="sun.awt.windows.WToolkit"/>
    <property name="java.specification.version" value="11"/>
    <property name="sun.cpu.isalist" value="amd64"/>
    <property name="sun.jnu.encoding" value="Cp1252"/>
    <property name="java.class.path" value="F:\_Studium\dist-sys\sensor\mvn-sensor\sensor\target\test-classes;F:\_Studium\dist-sys\sensor\mvn-sensor\sensor\target\classes;C:\Users\aaron\.m2\repository\org\json\json\20210307\json-20210307.jar;C:\Users\aaron\.m2\repository\junit\junit\4.11\junit-4.11.jar;C:\Users\aaron\.m2\repository\org\hamcrest\hamcrest-core\1.3\hamcrest-core-1.3.jar;"/>
    <property name="java.vm.vendor" value="Oracle Corporation"/>
    <property name="sun.arch.data.model" value="64"/>
    <property name="user.variant" value=""/>
    <property name="java.vendor.url" value="http://java.oracle.com/"/>
    <property name="user.timezone" value="Europe/Berlin"/>
    <property name="java.vm.specification.version" value="11"/>
    <property name="os.name" value="Windows 10"/>
    <property name="sun.java.launcher" value="SUN_STANDARD"/>
    <property name="user.country" value="US"/>
    <property name="sun.boot.library.path" value="C:\Tools\jdk-11\bin"/>
    <property name="sun.java.command" value="C:\Users\aaron\AppData\Local\Temp\surefire1243213565383297291\surefirebooter11380454173660441356.jar C:\Users\aaron\AppData\Local\Temp\surefire1243213565383297291 2021-10-20T15-18-52_252-jvmRun1 surefire14527938863708986324tmp surefire_018392578202565268368tmp"/>
    <property name="jdk.debug" value="release"/>
    <property name="surefire.test.class.path" value="F:\_Studium\dist-sys\sensor\mvn-sensor\sensor\target\test-classes;F:\_Studium\dist-sys\sensor\mvn-sensor\sensor\target\classes;C:\Users\aaron\.m2\repository\org\json\json\20210307\json-20210307.jar;C:\Users\aaron\.m2\repository\junit\junit\4.11\junit-4.11.jar;C:\Users\aaron\.m2\repository\org\hamcrest\hamcrest-core\1.3\hamcrest-core-1.3.jar;"/>
    <property name="sun.cpu.endian" value="little"/>
    <property name="user.home" value="C:\Users\aaron"/>
    <property name="user.language" value="en"/>
    <property name="java.specification.vendor" value="Oracle Corporation"/>
    <property name="java.version.date" value="2018-09-25"/>
    <property name="java.home" value="C:\Tools\jdk-11"/>
    <property name="file.separator" value="\"/>
    <property name="basedir" value="F:\_Studium\dist-sys\sensor\mvn-sensor\sensor"/>
    <property name="java.vm.compressedOopsMode" value="Zero based"/>
    <property name="line.separator" value="&#10;"/>
    <property name="java.specification.name" value="Java Platform API Specification"/>
    <property name="java.vm.specification.vendor" value="Oracle Corporation"/>
    <property name="java.awt.graphicsenv" value="sun.awt.Win32GraphicsEnvironment"/>
    <property name="surefire.real.class.path" value="C:\Users\aaron\AppData\Local\Temp\surefire1243213565383297291\surefirebooter11380454173660441356.jar"/>
    <property name="user.script" value=""/>
    <property name="sun.management.compiler" value="HotSpot 64-Bit Tiered Compilers"/>
    <property name="java.runtime.version" value="11+28"/>
    <property name="user.name" value="aaron"/>
    <property name="path.separator" value=";"/>
    <property name="os.version" value="10.0"/>
    <property name="java.runtime.name" value="OpenJDK Runtime Environment"/>
    <property name="file.encoding" value="Cp1252"/>
    <property name="java.vm.name" value="OpenJDK 64-Bit Server VM"/>
    <property name="java.vendor.version" value="18.9"/>
    <property name="localRepository" value="C:\Users\aaron\.m2\repository"/>
    <property name="java.vendor.url.bug" value="http://bugreport.java.com/bugreport/"/>
    <property name="java.io.tmpdir" value="C:\Users\aaron\AppData\Local\Temp\"/>
    <property name="java.version" value="11"/>
    <property name="user.dir" value="F:\_Studium\dist-sys\sensor\mvn-sensor\sensor"/>
    <property name="os.arch" value="amd64"/>
    <property name="java.vm.specification.name" value="Java Virtual Machine Specification"/>
    <property name="java.awt.printerjob" value="sun.awt.windows.WPrinterJob"/>
    <property name="sun.os.patch.level" value=""/>
    <property name="java.library.path" value="C:\Tools\jdk-11\bin;C:\WINDOWS\Sun\Java\bin;C:\WINDOWS\system32;C:\WINDOWS;C:\Python39\Scripts\;C:\Python39\;C:\Windows\system32;C:\Windows;C:\Windows\System32\Wbem;C:\Windows\System32\WindowsPowerShell\v1.0\;C:\Windows\System32\OpenSSH\;C:\Program Files (x86)\NVIDIA Corporation\PhysX\Common;C:\Program Files\NVIDIA Corporation\NVIDIA NvDLISR;C:\Tools\opencv\build\x64\vc15\bin;C:\Program Files (x86)\IVI Foundation\VISA\WinNT\Bin;C:\ProgramData\chocolatey\bin;C:\Program Files\nodejs;C:\Users\aaron\AppData\Roaming\npm;C:\Tools\MinGW\bin;C:\WINDOWS\system32;C:\WINDOWS;C:\WINDOWS\System32\Wbem;C:\WINDOWS\System32\WindowsPowerShell\v1.0\;C:\WINDOWS\System32\OpenSSH\;C:\Tools\apache-maven-3.8.1\apache-maven\src\bin;C:\Program Files\nodejs\;C:\Tools\Go\bin;C:\Program Files\Docker\Docker\resources\bin;C:\ProgramData\DockerDesktop\version-bin;C:\Program Files\Git\cmd;C:\Program Files\dotnet\;C:\Tools\jdk-11\bin;C:\Tools\apache-maven-3.8.3\bin;C:\Users\aaron\.pyenv\pyenv-win\bin;C:\Users\aaron\.pyenv\pyenv-win\shims;C:\Users\aaron\AppData\Local\Programs\Python\Python38-32\Scripts\;C:\Users\aaron\AppData\Local\Programs\Python\Python38-32\;C:\Users\aaron\AppData\Local\Microsoft\WindowsApps;C:\Users\aaron\AppData\Local\Programs\Microsoft VS Code\bin;C:\tools\neovim\Neovim\bin;C:\Users\aaron\AppData\Local\Microsoft\WindowsApps;C:\Tools\apache-maven-3.8.1\bin;C:\Users\aaron\go\bin;."/>
    <property name="java.vendor" value="Oracle Corporation"/>
    <property name="java.vm.info" value="mixed mode"/>
    <property name="java.vm.version" value="11+28"/>
    <property name="sun.io.unicode.encoding" value="UnicodeLittle"/>
    <property name="java.class.version" value="55.0"/>
  </properties>
  <testcase name="shouldAnswerWithTrue" classname="com.schattenbrot.sensor.AppTest" time="0.001"/>
</testsuite>